#!/usr/bin/env python3

import parsl
from parsl import *
import scipy
import numpy as np
import matplotlib.pyplot as plt


workers = ThreadPoolExecutor(max_threads=4)
dfk = DataFlowKernel(workers)
"""Created from a Common Workflow Language Workflow
Using CWL version: cwl:draft-3"""


inp = 'File'
ex = 'string'
classout = 'File'
@App("bash", dfk)
def untar(tarfile, extractfile):
    cmd_line = 'tar-param.cwl {tarfile} {extractfile}'

@App("bash", dfk)
def compile(src):
    cmd_line = 'arguments.cwl {src}'

untar(ex='string', inp='File')